-0.004999999888241291
-0.004999999888241291
-0.004999999888241291
-0.004999999888241291
0.1450000023469329
-0.004999999888241291
-0.004999999888241291
-0.004999999888241291
-0.004999999888241291
-0.004999999888241291
-0.004999999888241291
-0.004999999888241291
-0.004999999888241291
-0.004999999888241291
-0.004999999888241291
-0.004999999888241291
-0.004999999888241291
-0.004999999888241291
-0.004999999888241291
-0.004999999888241291
-0.004999999888241291
-0.004999999888241291
-0.004999999888241291
-0.004999999888241291
-0.004999999888241291
-0.004999999888241291
-0.004999999888241291
-0.004999999888241291
-0.004999999888241291
-0.004999999888241291
-0.004999999888241291
-0.004999999888241291
-0.004999999888241291
-0.004999999888241291
-0.004999999888241291
-0.004999999888241291
-0.004999999888241291
-0.004999999888241291
-0.004999999888241291
-0.004999999888241291
-0.004999999888241291
-0.004999999888241291
-0.004999999888241291
-0.004999999888241291
-0.004999999888241291
-0.004999999888241291
-0.004999999888241291
-0.004999999888241291
-0.004999999888241291
-0.004999999888241291
-0.004999999888241291
-0.004999999888241291
-0.004999999888241291
-0.004999999888241291
-0.004999999888241291
-0.004999999888241291
-0.004999999888241291
-0.004999999888241291
-0.004999999888241291
-0.004999999888241291
-0.004999999888241291
-0.004999999888241291
-0.004999999888241291
-0.004999999888241291
-0.004999999888241291
-0.004999999888241291
-0.004999999888241291
-0.004999999888241291
-0.004999999888241291
-0.004999999888241291
-0.004999999888241291
-0.004999999888241291
-0.004999999888241291
-0.004999999888241291
-0.004999999888241291
-0.004999999888241291
-0.004999999888241291
-0.004999999888241291
-0.004999999888241291
-0.004999999888241291
-0.004999999888241291
-0.004999999888241291
-0.004999999888241291
-0.004999999888241291
-0.004999999888241291
-0.004999999888241291
-0.004999999888241291
-0.004999999888241291
-0.004999999888241291
-0.004999999888241291
-0.004999999888241291
-0.004999999888241291
-0.004999999888241291
-0.004999999888241291
-0.004999999888241291
-0.004999999888241291
-0.004999999888241291
-0.004999999888241291
-0.004999999888241291
-0.004999999888241291
-0.004999999888241291
-0.004999999888241291
-0.004999999888241291
-0.004999999888241291
-0.004999999888241291
-0.004999999888241291
-0.004999999888241291
-0.004999999888241291
-0.004999999888241291
-0.004999999888241291
-0.004999999888241291
-0.004999999888241291
-0.004999999888241291
-0.004999999888241291
-0.004999999888241291
-0.004999999888241291
-0.004999999888241291
-0.004999999888241291
-0.004999999888241291
-0.004999999888241291
-0.004999999888241291
-0.004999999888241291
-0.004999999888241291
-0.004999999888241291
-0.004999999888241291
-0.004999999888241291
-0.004999999888241291
-0.004999999888241291
-0.004999999888241291
-0.004999999888241291
-0.004999999888241291
-0.004999999888241291
-0.004999999888241291
-0.004999999888241291
-0.004999999888241291
-0.004999999888241291
-0.004999999888241291
-0.004999999888241291
-0.004999999888241291
-0.004999999888241291
-0.004999999888241291
-0.004999999888241291
-0.004999999888241291
-0.004999999888241291
-0.004999999888241291
-0.004999999888241291
-0.004999999888241291
-0.004999999888241291
-0.004999999888241291
-0.004999999888241291
-0.004999999888241291
-0.004999999888241291
-0.004999999888241291
-0.004999999888241291
-0.004999999888241291
-0.004999999888241291
-0.004999999888241291
-0.004999999888241291
-0.004999999888241291
-0.004999999888241291
-0.004999999888241291
-0.004999999888241291
-0.004999999888241291
-0.004999999888241291
-0.004999999888241291
-0.004999999888241291
-0.004999999888241291
-0.004999999888241291
-0.004999999888241291
-0.004999999888241291
-0.004999999888241291
-0.004999999888241291
-0.004999999888241291
-0.004999999888241291
-0.004999999888241291
-0.004999999888241291
-0.004999999888241291
-0.004999999888241291
-0.004999999888241291
-0.004999999888241291
-0.004999999888241291
-0.004999999888241291
-0.004999999888241291
-0.004999999888241291
-0.004999999888241291
-0.004999999888241291
-0.004999999888241291
-0.004999999888241291
-0.004999999888241291
-0.004999999888241291
-0.004999999888241291
-0.004999999888241291
-0.004999999888241291
-0.004999999888241291
-0.004999999888241291
-0.004999999888241291
-0.004999999888241291
-0.004999999888241291
-0.004999999888241291
-0.004999999888241291
-0.004999999888241291
-0.004999999888241291
-0.004999999888241291
-0.004999999888241291
-0.004999999888241291
-0.004999999888241291
-0.004999999888241291
-0.004999999888241291
-0.004999999888241291
-0.004999999888241291
-0.004999999888241291
-0.004999999888241291
-0.004999999888241291
-0.004999999888241291
-0.004999999888241291
-0.004999999888241291
-0.004999999888241291
-0.004999999888241291
-0.004999999888241291
-0.004999999888241291
-0.004999999888241291
-0.004999999888241291
-0.004999999888241291
-0.004999999888241291
-0.004999999888241291
-0.004999999888241291
-0.004999999888241291
-0.004999999888241291
-0.004999999888241291
-0.004999999888241291
-0.004999999888241291
-0.004999999888241291
-0.004999999888241291
-0.004999999888241291
-0.004999999888241291
-0.004999999888241291
-0.004999999888241291
-0.004999999888241291
-0.004999999888241291
-0.004999999888241291
-0.004999999888241291
-0.004999999888241291
-0.004999999888241291
-0.004999999888241291
-0.004999999888241291
-0.004999999888241291
-0.004999999888241291
-0.004999999888241291
-0.004999999888241291
-0.004999999888241291
-0.004999999888241291
-0.004999999888241291
-0.004999999888241291
-0.004999999888241291
-0.004999999888241291
-0.004999999888241291
-0.004999999888241291
-0.004999999888241291
-0.004999999888241291
-0.004999999888241291
-0.004999999888241291
-0.004999999888241291
-0.004999999888241291
-0.004999999888241291
-0.004999999888241291
-0.004999999888241291
-0.004999999888241291
-0.004999999888241291
-0.004999999888241291
-0.004999999888241291
-0.004999999888241291
-0.004999999888241291
-0.004999999888241291
-0.004999999888241291
-0.004999999888241291
-0.004999999888241291
-0.004999999888241291
-0.004999999888241291
-0.004999999888241291
-0.004999999888241291
-0.004999999888241291
-0.004999999888241291
-0.004999999888241291
-0.004999999888241291
-0.004999999888241291
-0.004999999888241291
-0.004999999888241291
-0.004999999888241291
-0.004999999888241291
-0.004999999888241291
-0.004999999888241291
-0.004999999888241291
-0.004999999888241291
-0.004999999888241291
-0.004999999888241291
-0.004999999888241291
-0.004999999888241291
-0.004999999888241291
-0.004999999888241291
-0.004999999888241291
-0.004999999888241291
-0.004999999888241291
-0.004999999888241291
-0.004999999888241291
-0.004999999888241291
-0.004999999888241291
-0.004999999888241291
-0.004999999888241291
-0.004999999888241291
-0.004999999888241291
-0.004999999888241291
-0.004999999888241291
-0.004999999888241291
-0.004999999888241291
-0.004999999888241291
-0.004999999888241291
-0.004999999888241291
-0.004999999888241291
-0.004999999888241291
-0.004999999888241291
-0.004999999888241291
-0.004999999888241291
-0.004999999888241291
-0.004999999888241291
-0.004999999888241291
-0.004999999888241291
-0.004999999888241291
-0.004999999888241291
-0.004999999888241291
-0.004999999888241291
-0.004999999888241291
-0.004999999888241291
-0.004999999888241291
-0.004999999888241291
-0.004999999888241291
-0.004999999888241291
-0.004999999888241291
-0.004999999888241291
-0.004999999888241291
-0.004999999888241291
-0.004999999888241291
-0.004999999888241291
-0.004999999888241291
-0.004999999888241291
-0.004999999888241291
-0.004999999888241291
-0.004999999888241291
-0.004999999888241291
-0.004999999888241291
-0.004999999888241291
-0.004999999888241291
-0.004999999888241291
-0.004999999888241291
-0.004999999888241291
-0.004999999888241291
-0.004999999888241291
-0.004999999888241291
-0.004999999888241291
-0.004999999888241291
-0.004999999888241291
-0.004999999888241291
-0.004999999888241291
-0.004999999888241291
-0.004999999888241291
-0.004999999888241291
-0.004999999888241291
-0.004999999888241291
-0.004999999888241291
-0.004999999888241291
-0.004999999888241291
-0.004999999888241291
-0.004999999888241291
-0.004999999888241291
-0.004999999888241291
-0.004999999888241291
-0.004999999888241291
-0.004999999888241291
-0.004999999888241291
-0.004999999888241291
-0.004999999888241291
-0.004999999888241291
-0.004999999888241291
-0.004999999888241291
-0.004999999888241291
-0.004999999888241291
-0.004999999888241291
-0.004999999888241291
-0.004999999888241291
-0.004999999888241291
-0.004999999888241291
-0.004999999888241291
-0.004999999888241291
-0.004999999888241291
-0.004999999888241291
-0.004999999888241291
-0.004999999888241291
-0.004999999888241291
-0.004999999888241291
-0.004999999888241291
-0.004999999888241291
-0.004999999888241291
-0.004999999888241291
-0.004999999888241291
-0.004999999888241291
-0.004999999888241291
-0.004999999888241291
-0.004999999888241291
-0.004999999888241291
-0.004999999888241291
-0.004999999888241291
-0.004999999888241291
-0.004999999888241291
-0.004999999888241291
-0.004999999888241291
-0.004999999888241291
-0.004999999888241291
-0.004999999888241291
-0.004999999888241291
-0.004999999888241291
-0.004999999888241291
-0.004999999888241291
-0.004999999888241291
-0.004999999888241291
-0.004999999888241291
-0.004999999888241291
-0.004999999888241291
-0.004999999888241291
-0.004999999888241291
-0.004999999888241291
0.04500000085681677
0.04500000085681677
-0.004999999888241291
-0.004999999888241291
-0.004999999888241291
-0.004999999888241291
-0.004999999888241291
-0.004999999888241291
-0.004999999888241291
-0.004999999888241291
-0.004999999888241291
-0.004999999888241291
-0.004999999888241291
-0.004999999888241291
-0.004999999888241291
0.04500000085681677
-0.004999999888241291
-0.004999999888241291
-0.004999999888241291
-0.004999999888241291
-0.004999999888241291
-0.004999999888241291
-0.004999999888241291
-0.004999999888241291
0.04500000085681677
0.04500000085681677
-0.004999999888241291
-0.004999999888241291
-0.004999999888241291
0.04500000085681677
-0.004999999888241291
-0.004999999888241291
0.04500000085681677
0.04500000085681677
-0.004999999888241291
-0.004999999888241291
0.04500000085681677
0.04500000085681677
0.04500000085681677
-0.004999999888241291
-0.004999999888241291
-0.004999999888241291
-0.004999999888241291
-0.004999999888241291
-0.004999999888241291
0.04500000085681677
0.04500000085681677
-0.004999999888241291
-0.004999999888241291
-0.004999999888241291
0.04500000085681677
-0.004999999888241291
-0.004999999888241291
-0.004999999888241291
-0.004999999888241291
0.04500000085681677
0.04500000085681677
0.04500000085681677
-0.004999999888241291
-0.004999999888241291
0.04500000085681677
0.04500000085681677
0.04500000085681677
-0.004999999888241291
-0.004999999888241291
-0.004999999888241291
-0.004999999888241291
-0.004999999888241291
-0.004999999888241291
-0.004999999888241291
-0.004999999888241291
-0.004999999888241291
-0.004999999888241291
-0.004999999888241291
-0.004999999888241291
-0.004999999888241291
-0.004999999888241291
-0.004999999888241291
-0.004999999888241291
-0.004999999888241291
-0.004999999888241291
-0.004999999888241291
-0.004999999888241291
-0.004999999888241291
-0.004999999888241291
-0.004999999888241291
-0.004999999888241291
-0.004999999888241291
-0.004999999888241291
-0.004999999888241291
-0.004999999888241291
-0.004999999888241291
-0.004999999888241291
-0.004999999888241291
-0.004999999888241291
-0.004999999888241291
-0.004999999888241291
-0.004999999888241291
-0.004999999888241291
-0.004999999888241291
-0.004999999888241291
-0.004999999888241291
-0.004999999888241291
-0.004999999888241291
-0.004999999888241291
-0.004999999888241291
-0.004999999888241291
-0.004999999888241291
-0.004999999888241291
-0.004999999888241291
-0.004999999888241291
-0.004999999888241291
-0.004999999888241291
-0.004999999888241291
-0.004999999888241291
-0.004999999888241291
-0.004999999888241291
-0.004999999888241291
-0.004999999888241291
-0.004999999888241291
-0.004999999888241291
-0.004999999888241291
-0.004999999888241291
-0.004999999888241291
-0.004999999888241291
-0.004999999888241291
-0.004999999888241291
-0.004999999888241291
-0.004999999888241291
-0.004999999888241291
-0.004999999888241291
-0.004999999888241291
-0.004999999888241291
-0.004999999888241291
-0.004999999888241291
-0.004999999888241291
-0.004999999888241291
-0.004999999888241291
-0.004999999888241291
-0.004999999888241291
-0.004999999888241291
-0.004999999888241291
-0.004999999888241291
-0.004999999888241291
-0.004999999888241291
-0.004999999888241291
-0.004999999888241291
-0.004999999888241291
-0.004999999888241291
-0.004999999888241291
-0.004999999888241291
-0.004999999888241291
-0.004999999888241291
-0.004999999888241291
-0.004999999888241291
-0.004999999888241291
-0.004999999888241291
-0.004999999888241291
-0.004999999888241291
-0.004999999888241291
-0.004999999888241291
-0.004999999888241291
-0.004999999888241291
-0.004999999888241291
-0.004999999888241291
-0.004999999888241291
-0.004999999888241291
-0.004999999888241291
-0.004999999888241291
-0.004999999888241291
-0.004999999888241291
-0.004999999888241291
-0.004999999888241291
-0.004999999888241291
-0.004999999888241291
-0.004999999888241291
-0.004999999888241291
-0.004999999888241291
-0.004999999888241291
-0.004999999888241291
-0.004999999888241291
-0.004999999888241291
-0.004999999888241291
-0.004999999888241291
-0.004999999888241291
-0.004999999888241291
-0.004999999888241291
-0.004999999888241291
-0.004999999888241291
-0.004999999888241291
-0.004999999888241291
-0.004999999888241291
-0.004999999888241291
-0.004999999888241291
-0.004999999888241291
-0.004999999888241291
-0.004999999888241291
-0.004999999888241291
-0.004999999888241291
-0.004999999888241291
-0.004999999888241291
-0.004999999888241291
-0.004999999888241291
-0.004999999888241291
-0.004999999888241291
-0.004999999888241291
-0.004999999888241291
-0.004999999888241291
-0.004999999888241291
-0.004999999888241291
-0.004999999888241291
-0.004999999888241291
-0.004999999888241291
-0.004999999888241291
-0.004999999888241291
-0.004999999888241291
-0.004999999888241291
-0.004999999888241291
-0.004999999888241291
-0.004999999888241291
-0.004999999888241291
-0.004999999888241291
-0.004999999888241291
-0.004999999888241291
-0.004999999888241291
-0.004999999888241291
-0.004999999888241291
-0.004999999888241291
-0.004999999888241291
-0.004999999888241291
-0.004999999888241291
-0.004999999888241291
-0.004999999888241291
-0.004999999888241291
-0.004999999888241291
-0.004999999888241291
-0.004999999888241291
-0.004999999888241291
-0.004999999888241291
-0.004999999888241291
-0.004999999888241291
-0.004999999888241291
-0.004999999888241291
-0.004999999888241291
-0.004999999888241291
-0.004999999888241291
-0.004999999888241291
-0.004999999888241291
-0.004999999888241291
-0.004999999888241291
-0.004999999888241291
-0.004999999888241291
-0.004999999888241291
-0.004999999888241291
-0.004999999888241291
-0.004999999888241291
-0.004999999888241291
-0.004999999888241291
-0.004999999888241291
-0.004999999888241291
-0.004999999888241291
-0.004999999888241291
-0.004999999888241291
-0.004999999888241291
-0.004999999888241291
-0.004999999888241291
-0.004999999888241291
-0.004999999888241291
-0.004999999888241291
-0.004999999888241291
-0.004999999888241291
-0.004999999888241291
0.04500000085681677
-0.004999999888241291
-0.004999999888241291
-0.004999999888241291
-0.004999999888241291
-0.004999999888241291
-0.004999999888241291
-0.004999999888241291
-0.004999999888241291
-0.004999999888241291
-0.004999999888241291
-0.004999999888241291
-0.004999999888241291
0.04500000085681677
-0.004999999888241291
-0.004999999888241291
-0.004999999888241291
-0.004999999888241291
-0.004999999888241291
0.04500000085681677
-0.004999999888241291
-0.004999999888241291
-0.004999999888241291
-0.004999999888241291
-0.004999999888241291
-0.004999999888241291
-0.004999999888241291
-0.004999999888241291
-0.004999999888241291
-0.004999999888241291
-0.004999999888241291
-0.004999999888241291
-0.004999999888241291
0.19500000309199095
-0.004999999888241291
-0.004999999888241291
-0.004999999888241291
-0.004999999888241291
-0.004999999888241291
0.1450000023469329
-0.004999999888241291
-0.004999999888241291
-0.004999999888241291
0.04500000085681677
-0.004999999888241291
-0.004999999888241291
-0.004999999888241291
0.04500000085681677
-0.004999999888241291
-0.004999999888241291
-0.004999999888241291
-0.004999999888241291
-0.004999999888241291
-0.004999999888241291
-0.004999999888241291
-0.004999999888241291
-0.004999999888241291
-0.004999999888241291
-0.004999999888241291
-0.004999999888241291
-0.004999999888241291
-0.004999999888241291
-0.004999999888241291
-0.004999999888241291
0.09500000160187483
-0.004999999888241291
-0.004999999888241291
-0.004999999888241291
-0.004999999888241291
-0.004999999888241291
-0.004999999888241291
-0.004999999888241291
-0.004999999888241291
-0.004999999888241291
-0.004999999888241291
-0.004999999888241291
-0.004999999888241291
-0.004999999888241291
-0.004999999888241291
-0.004999999888241291
-0.004999999888241291
-0.004999999888241291
0.09500000160187483
-0.004999999888241291
0.04500000085681677
-0.004999999888241291
0.04500000085681677
-0.004999999888241291
-0.004999999888241291
0.04500000085681677
-0.004999999888241291
-0.004999999888241291
0.04500000085681677
0.04500000085681677
0.04500000085681677
0.04500000085681677
-0.004999999888241291
-0.004999999888241291
-0.004999999888241291
0.09500000160187483
-0.004999999888241291
-0.004999999888241291
-0.004999999888241291
-0.004999999888241291
-0.004999999888241291
-0.004999999888241291
-0.004999999888241291
-0.004999999888241291
-0.004999999888241291
-0.004999999888241291
-0.004999999888241291
-0.004999999888241291
-0.004999999888241291
-0.004999999888241291
-0.004999999888241291
-0.004999999888241291
-0.004999999888241291
-0.004999999888241291
-0.004999999888241291
-0.004999999888241291
-0.004999999888241291
-0.004999999888241291
-0.004999999888241291
-0.004999999888241291
-0.004999999888241291
-0.004999999888241291
-0.004999999888241291
-0.004999999888241291
-0.004999999888241291
-0.004999999888241291
-0.004999999888241291
-0.004999999888241291
-0.004999999888241291
-0.004999999888241291
-0.004999999888241291
-0.004999999888241291
-0.004999999888241291
-0.004999999888241291
-0.004999999888241291
-0.004999999888241291
-0.004999999888241291
-0.004999999888241291
-0.004999999888241291
-0.004999999888241291
-0.004999999888241291
-0.004999999888241291
-0.004999999888241291
-0.004999999888241291
-0.004999999888241291
-0.004999999888241291
-0.004999999888241291
-0.004999999888241291
-0.004999999888241291
-0.004999999888241291
-0.004999999888241291
-0.004999999888241291
-0.004999999888241291
-0.004999999888241291
-0.004999999888241291
-0.004999999888241291
-0.004999999888241291
-0.004999999888241291
-0.004999999888241291
-0.004999999888241291
-0.004999999888241291
-0.004999999888241291
-0.004999999888241291
-0.004999999888241291
-0.004999999888241291
-0.004999999888241291
-0.004999999888241291
-0.004999999888241291
-0.004999999888241291
-0.004999999888241291
-0.004999999888241291
-0.004999999888241291
-0.004999999888241291
-0.004999999888241291
-0.004999999888241291
-0.004999999888241291
-0.004999999888241291
-0.004999999888241291
-0.004999999888241291
-0.004999999888241291
-0.004999999888241291
-0.004999999888241291
-0.004999999888241291
-0.004999999888241291
-0.004999999888241291
-0.004999999888241291
-0.004999999888241291
-0.004999999888241291
-0.004999999888241291
-0.004999999888241291
-0.004999999888241291
-0.004999999888241291
-0.004999999888241291
-0.004999999888241291
-0.004999999888241291
-0.004999999888241291
-0.004999999888241291
-0.004999999888241291
-0.004999999888241291
-0.004999999888241291
-0.004999999888241291
-0.004999999888241291
-0.004999999888241291
-0.004999999888241291
-0.004999999888241291
-0.004999999888241291
-0.004999999888241291
-0.004999999888241291
-0.004999999888241291
-0.004999999888241291
-0.004999999888241291
-0.004999999888241291
-0.004999999888241291
-0.004999999888241291
-0.004999999888241291
-0.004999999888241291
-0.004999999888241291
-0.004999999888241291
-0.004999999888241291
-0.004999999888241291
-0.004999999888241291
-0.004999999888241291
-0.004999999888241291
-0.004999999888241291
-0.004999999888241291
-0.004999999888241291
-0.004999999888241291
-0.004999999888241291
-0.004999999888241291
-0.004999999888241291
-0.004999999888241291
-0.004999999888241291
-0.004999999888241291
-0.004999999888241291
-0.004999999888241291
-0.004999999888241291
-0.004999999888241291
-0.004999999888241291
-0.004999999888241291
-0.004999999888241291
-0.004999999888241291
-0.004999999888241291
-0.004999999888241291
-0.004999999888241291
-0.004999999888241291
-0.004999999888241291
-0.004999999888241291
-0.004999999888241291
-0.004999999888241291
-0.004999999888241291
-0.004999999888241291
-0.004999999888241291
-0.004999999888241291
-0.004999999888241291
-0.004999999888241291
-0.004999999888241291
-0.004999999888241291
-0.004999999888241291
-0.004999999888241291
-0.004999999888241291
-0.004999999888241291
-0.004999999888241291
-0.004999999888241291
-0.004999999888241291
-0.004999999888241291
-0.004999999888241291
-0.004999999888241291
-0.004999999888241291
-0.004999999888241291
-0.004999999888241291
-0.004999999888241291
-0.004999999888241291
-0.004999999888241291
-0.004999999888241291
-0.004999999888241291
-0.004999999888241291
-0.004999999888241291
-0.004999999888241291
-0.004999999888241291
-0.004999999888241291
-0.004999999888241291
-0.004999999888241291
-0.004999999888241291
-0.004999999888241291
-0.004999999888241291
-0.004999999888241291
-0.004999999888241291
-0.004999999888241291
-0.004999999888241291
-0.004999999888241291
-0.004999999888241291
-0.004999999888241291
-0.004999999888241291
-0.004999999888241291
-0.004999999888241291
-0.004999999888241291
-0.004999999888241291
-0.004999999888241291
-0.004999999888241291
-0.004999999888241291
-0.004999999888241291
-0.004999999888241291
-0.004999999888241291
-0.004999999888241291
-0.004999999888241291
-0.004999999888241291
-0.004999999888241291
-0.004999999888241291
-0.004999999888241291
-0.004999999888241291
-0.004999999888241291
-0.004999999888241291
-0.004999999888241291
-0.004999999888241291
-0.004999999888241291
-0.004999999888241291
-0.004999999888241291
-0.004999999888241291
-0.004999999888241291
-0.004999999888241291
-0.004999999888241291
-0.004999999888241291
-0.004999999888241291
-0.004999999888241291
-0.004999999888241291
-0.004999999888241291
-0.004999999888241291
-0.004999999888241291
-0.004999999888241291
-0.004999999888241291
-0.004999999888241291
-0.004999999888241291
-0.004999999888241291
-0.004999999888241291
-0.004999999888241291
-0.004999999888241291
-0.004999999888241291
-0.004999999888241291
-0.004999999888241291
-0.004999999888241291
-0.004999999888241291
-0.004999999888241291
-0.004999999888241291
-0.004999999888241291
0.04500000085681677
-0.004999999888241291
-0.004999999888241291
-0.004999999888241291
-0.004999999888241291
-0.004999999888241291
-0.004999999888241291
-0.004999999888241291
-0.004999999888241291
-0.004999999888241291
-0.004999999888241291
0.04500000085681677
-0.004999999888241291
-0.004999999888241291
-0.004999999888241291
-0.004999999888241291
-0.004999999888241291
-0.004999999888241291
-0.004999999888241291
-0.004999999888241291
-0.004999999888241291
0.04500000085681677
-0.004999999888241291
-0.004999999888241291
-0.004999999888241291
-0.004999999888241291
-0.004999999888241291
-0.004999999888241291
0.04500000085681677
-0.004999999888241291
-0.004999999888241291
-0.004999999888241291
-0.004999999888241291
-0.004999999888241291
-0.004999999888241291
0.04500000085681677
-0.004999999888241291
-0.004999999888241291
-0.004999999888241291
-0.004999999888241291
-0.004999999888241291
-0.004999999888241291
0.04500000085681677
0.04500000085681677
-0.004999999888241291
-0.004999999888241291
-0.004999999888241291
-0.004999999888241291
-0.004999999888241291
-0.004999999888241291
0.04500000085681677
0.04500000085681677
-0.004999999888241291
-0.004999999888241291
-0.004999999888241291
0.04500000085681677
-0.004999999888241291
-0.004999999888241291
-0.004999999888241291
-0.004999999888241291
-0.004999999888241291
-0.004999999888241291
-0.004999999888241291
0.04500000085681677
-0.004999999888241291
0.04500000085681677
-0.004999999888241291
-0.004999999888241291
-0.004999999888241291
-0.004999999888241291
-0.004999999888241291
-0.004999999888241291
0.09500000160187483
-0.004999999888241291
0.09500000160187483
-0.004999999888241291
-0.004999999888241291
-0.004999999888241291
-0.004999999888241291
-0.004999999888241291
-0.004999999888241291
-0.004999999888241291
-0.004999999888241291
-0.004999999888241291
-0.004999999888241291
-0.004999999888241291
-0.004999999888241291
-0.004999999888241291
-0.004999999888241291
-0.004999999888241291
-0.004999999888241291
-0.004999999888241291
-0.004999999888241291
-0.004999999888241291
-0.004999999888241291
-0.004999999888241291
-0.004999999888241291
-0.004999999888241291
-0.004999999888241291
-0.004999999888241291
-0.004999999888241291
0.04500000085681677
-0.004999999888241291
-0.004999999888241291
-0.004999999888241291
-0.004999999888241291
-0.004999999888241291
0.1450000023469329
-0.004999999888241291
-0.004999999888241291
-0.004999999888241291
0.09500000160187483
-0.004999999888241291
0.04500000085681677
-0.004999999888241291
0.1450000023469329
0.04500000085681677
0.04500000085681677
-0.004999999888241291
-0.004999999888241291
0.04500000085681677
-0.004999999888241291
-0.004999999888241291
-0.004999999888241291
-0.004999999888241291
0.04500000085681677
0.04500000085681677
-0.004999999888241291
-0.004999999888241291
0.04500000085681677
0.04500000085681677
0.04500000085681677
0.04500000085681677
-0.004999999888241291
0.09500000160187483
0.04500000085681677
0.04500000085681677
0.04500000085681677
0.04500000085681677
0.04500000085681677
0.04500000085681677
0.04500000085681677
-0.004999999888241291
0.04500000085681677
0.04500000085681677
0.04500000085681677
0.04500000085681677
0.04500000085681677
0.04500000085681677
0.04500000085681677
0.04500000085681677
0.04500000085681677
0.04500000085681677
0.04500000085681677
0.04500000085681677
0.04500000085681677
0.04500000085681677
0.04500000085681677
0.04500000085681677
0.04500000085681677
-0.004999999888241291
-0.004999999888241291
0.04500000085681677
0.04500000085681677
0.04500000085681677
0.04500000085681677
0.04500000085681677
-0.004999999888241291
-0.004999999888241291
-0.004999999888241291
-0.004999999888241291
-0.004999999888241291
-0.004999999888241291
0.04500000085681677
-0.004999999888241291
0.04500000085681677
-0.004999999888241291
-0.004999999888241291
0.04500000085681677
0.04500000085681677
-0.004999999888241291
-0.004999999888241291
-0.004999999888241291
0.04500000085681677
0.04500000085681677
0.04500000085681677
0.04500000085681677
0.1450000023469329
-0.004999999888241291
-0.004999999888241291
0.04500000085681677
-0.004999999888241291
-0.004999999888241291
-0.004999999888241291
0.04500000085681677
-0.004999999888241291
-0.004999999888241291
-0.004999999888241291
-0.004999999888241291
-0.004999999888241291
0.04500000085681677
-0.004999999888241291
0.04500000085681677
-0.004999999888241291
0.04500000085681677
-0.004999999888241291
0.04500000085681677
-0.004999999888241291
-0.004999999888241291
-0.004999999888241291
-0.004999999888241291
-0.004999999888241291
0.04500000085681677
-0.004999999888241291
-0.004999999888241291
-0.004999999888241291
-0.004999999888241291
-0.004999999888241291
-0.004999999888241291
-0.004999999888241291
0.04500000085681677
-0.004999999888241291
-0.004999999888241291
-0.004999999888241291
-0.004999999888241291
0.04500000085681677
0.04500000085681677
0.04500000085681677
0.04500000085681677
0.04500000085681677
0.04500000085681677
-0.004999999888241291
-0.004999999888241291
0.04500000085681677
0.04500000085681677
-0.004999999888241291
-0.004999999888241291
0.04500000085681677
0.04500000085681677
0.04500000085681677
0.04500000085681677
0.04500000085681677
0.04500000085681677
-0.004999999888241291
0.04500000085681677
0.04500000085681677
0.04500000085681677
0.09500000160187483
0.04500000085681677
0.04500000085681677
0.04500000085681677
0.04500000085681677
0.04500000085681677
0.04500000085681677
0.04500000085681677
0.04500000085681677
0.04500000085681677
0.04500000085681677
0.04500000085681677
-0.004999999888241291
0.04500000085681677
0.04500000085681677
0.04500000085681677
0.04500000085681677
0.04500000085681677
0.04500000085681677
0.04500000085681677
0.04500000085681677
0.04500000085681677
0.04500000085681677
0.04500000085681677
0.04500000085681677
0.04500000085681677
0.04500000085681677
0.04500000085681677
0.04500000085681677
0.04500000085681677
0.04500000085681677
0.04500000085681677
0.04500000085681677
0.04500000085681677
0.04500000085681677
0.04500000085681677
0.04500000085681677
0.04500000085681677
0.04500000085681677
0.09500000160187483
0.09500000160187483
0.04500000085681677
0.09500000160187483
0.245000003837049
0.09500000160187483
0.04500000085681677
0.04500000085681677
0.04500000085681677
0.0950000025331974
0.09500000160187483
0.09500000160187483
0.04500000085681677
0.04500000085681677
0.04500000085681677
0.04500000085681677
0.09500000160187483
0.04500000085681677
0.04500000085681677
-0.004999999888241291
0.09500000160187483
-0.004999999888241291
-0.004999999888241291
-0.004999999888241291
-0.004999999888241291
-0.004999999888241291
0.09500000160187483
-0.004999999888241291
0.04500000085681677
0.19500000309199095
-0.004999999888241291
-0.004999999888241291
0.04500000085681677
0.04500000085681677
0.04500000085681677
-0.004999999888241291
-0.004999999888241291
0.04500000085681677
0.09500000160187483
-0.004999999888241291
0.09500000160187483
-0.004999999888241291
0.09500000160187483
0.09500000160187483
-0.004999999888241291
-0.004999999888241291
0.04500000085681677
-0.004999999888241291
-0.004999999888241291
-0.004999999888241291
-0.004999999888241291
-0.004999999888241291
-0.004999999888241291
-0.004999999888241291
-0.004999999888241291
-0.004999999888241291
-0.004999999888241291
-0.004999999888241291
-0.004999999888241291
-0.004999999888241291
-0.004999999888241291
-0.004999999888241291
0.04500000085681677
-0.004999999888241291
-0.004999999888241291
-0.004999999888241291
-0.004999999888241291
-0.004999999888241291
-0.004999999888241291
-0.004999999888241291
-0.004999999888241291
0.09500000160187483
-0.004999999888241291
-0.004999999888241291
-0.004999999888241291
-0.004999999888241291
-0.004999999888241291
-0.004999999888241291
-0.004999999888241291
-0.004999999888241291
-0.004999999888241291
-0.004999999888241291
-0.004999999888241291
-0.004999999888241291
-0.004999999888241291
-0.004999999888241291
-0.004999999888241291
-0.004999999888241291
-0.004999999888241291
-0.004999999888241291
-0.004999999888241291
-0.004999999888241291
-0.004999999888241291
-0.004999999888241291
-0.004999999888241291
-0.004999999888241291
-0.004999999888241291
-0.004999999888241291
-0.004999999888241291
-0.004999999888241291
-0.004999999888241291
-0.004999999888241291
-0.004999999888241291
-0.004999999888241291
-0.004999999888241291
-0.004999999888241291
-0.004999999888241291
-0.004999999888241291
-0.004999999888241291
-0.004999999888241291
-0.004999999888241291
-0.004999999888241291
-0.004999999888241291
-0.004999999888241291
-0.004999999888241291
0.04500000085681677
-0.004999999888241291
-0.004999999888241291
-0.004999999888241291
-0.004999999888241291
-0.004999999888241291
-0.004999999888241291
-0.004999999888241291
0.04500000085681677
0.09500000160187483
-0.004999999888241291
0.04500000085681677
-0.004999999888241291
0.1450000023469329
0.04500000085681677
-0.004999999888241291
-0.004999999888241291
-0.004999999888241291
0.04500000085681677
-0.004999999888241291
-0.004999999888241291
-0.004999999888241291
-0.004999999888241291
-0.004999999888241291
-0.004999999888241291
0.09500000160187483
-0.004999999888241291
0.09500000160187483
-0.004999999888241291
0.04500000085681677
0.245000003837049
-0.004999999888241291
0.09500000160187483
0.09500000160187483
0.09500000160187483
0.19500000309199095
0.09500000160187483
-0.004999999888241291
-0.004999999888241291
0.04500000085681677
-0.004999999888241291
-0.004999999888241291
0.1450000023469329
0.04500000085681677
0.09500000160187483
0.04500000085681677
0.09500000160187483
0.04500000085681677
0.04500000085681677
0.04500000085681677
-0.004999999888241291
0.09500000160187483
-0.004999999888241291
-0.004999999888241291
0.04500000085681677
0.09500000160187483
0.04500000085681677
-0.004999999888241291
0.19500000309199095
0.04500000085681677
-0.004999999888241291
-0.004999999888241291
0.19500000309199095
0.04500000085681677
0.1450000023469329
-0.004999999888241291
-0.004999999888241291
0.04500000085681677
0.09500000160187483
-0.004999999888241291
0.04500000085681677
0.1450000023469329
0.04500000085681677
0.09500000160187483
0.04500000085681677
0.04500000085681677
-0.004999999888241291
0.09500000160187483
0.04500000085681677
0.04500000085681677
0.04500000085681677
0.09500000160187483
0.09500000160187483
0.04500000085681677
0.04500000085681677
0.04500000085681677
0.04500000085681677
0.09500000160187483
0.1450000023469329
0.09500000160187483
0.04500000085681677
0.09500000160187483
0.04500000085681677
0.09500000160187483
0.09500000160187483
0.09500000160187483
0.09500000160187483
0.04500000085681677
0.04500000085681677
0.09500000160187483
0.19500000309199095
0.04500000085681677
0.04500000085681677
0.04500000085681677
0.04500000085681677
0.04500000085681677
0.19500000309199095
0.04500000085681677
0.09500000160187483
0.09500000160187483
0.04500000085681677
0.09500000160187483
-0.004999999888241291
0.09500000160187483
0.09500000160187483
0.09500000160187483
0.19500000309199095
0.09500000160187483
0.04500000085681677
0.04500000085681677
0.09500000160187483
0.09500000160187483
0.04500000085681677
0.09500000160187483
0.1450000023469329
0.09500000160187483
0.04500000085681677
0.09500000160187483
0.04500000085681677
0.09500000160187483
0.04500000085681677
0.09500000160187483
0.04500000085681677
0.04500000085681677
0.04500000085681677
0.04500000085681677
0.09500000160187483
0.04500000085681677
0.04500000085681677
0.04500000085681677
0.09500000160187483
0.09500000160187483
0.09500000160187483
0.04500000085681677
0.09500000160187483
0.04500000085681677
0.04500000085681677
0.04500000085681677
0.04500000085681677
0.04500000085681677
0.09500000160187483
0.04500000085681677
0.04500000085681677
0.04500000085681677
0.09500000160187483
0.09500000160187483
0.09500000160187483
0.09500000160187483
0.04500000085681677
0.04500000085681677
0.04500000085681677
0.09500000160187483
0.04500000085681677
0.04500000085681677
0.7950000120326877
0.04500000085681677
0.04500000085681677
0.09500000160187483
0.19500000309199095
0.04500000085681677
0.04500000085681677
0.1450000023469329
0.1450000023469329
0.04500000085681677
0.04500000085681677
0.1450000023469329
0.04500000085681677
0.09500000160187483
0.1450000023469329
0.1450000023469329
0.04500000085681677
0.09500000160187483
0.04500000085681677
0.04500000085681677
0.04500000085681677
0.04500000085681677
0.04500000085681677
0.0950000025331974
0.04500000085681677
0.04500000085681677
0.1450000023469329
0.1450000023469329
0.04500000085681677
0.245000003837049
0.1450000023469329
0.04500000085681677
0.29500000458210707
0.09500000160187483
0.09500000160187483
0.04500000085681677
0.1450000023469329
0.04500000085681677
0.04500000085681677
0.1450000023469329
0.04500000085681677
0.04500000085681677
0.1450000023469329
0.09500000160187483
0.04500000085681677
0.04500000085681677
0.04500000085681677
0.19000000320374966
0.1450000023469329
0.04500000085681677
0.04500000085681677
0.04500000085681677
0.1450000023469329
0.04500000085681677
0.19500000309199095
0.04500000085681677
0.1450000023469329
0.5450000083073974
0.04500000085681677
0.04500000085681677
0.04500000085681677
0.04500000085681677
0.19500000309199095
0.3450000053271651
0.3450000053271651
0.7950000120326877
0.19500000309199095
0.7450000112876296
0.29500000458210707
0.245000003837049
0.29500000458210707
0.29500000458210707
0.245000003837049
0.1450000023469329
0.3450000053271651
0.1450000023469329
0.3450000053271651
0.245000003837049
0.44500000681728125
0.29500000458210707
0.04500000085681677
0.1450000023469329
0.29500000458210707
0.04500000085681677
0.04500000085681677
0.04500000085681677
0.04500000085681677
0.1450000023469329
0.245000003837049
0.3450000053271651
0.04500000085681677
0.245000003837049
0.4950000075623393
1.945000029169023
1.045000015757978
0.19500000309199095
0.1450000023469329
0.19500000309199095
0.3450000053271651
0.04500000085681677
0.1450000023469329
0.04500000085681677
0.04500000085681677
0.04500000085681677
0.04500000085681677
0.04500000085681677
0.29500000458210707
0.04500000085681677
0.04500000085681677
0.04500000085681677
0.04500000085681677
0.04500000085681677
0.04500000085681677
0.04500000085681677
0.1450000023469329
0.19500000309199095
0.5450000083073974
0.1450000023469329
0.04500000085681677
0.04500000085681677
0.04500000085681677
0.1450000023469329
0.1450000023469329
0.1450000023469329
0.44500000681728125
0.09500000160187483
0.1450000023469329
0.1450000023469329
0.44500000681728125
0.1450000023469329
0.19500000309199095
0.04500000085681677
0.19500000309199095
0.5450000083073974
0.04500000085681677
0.245000003837049
0.4950000075623393
0.09500000160187483
0.5450000083073974
0.7950000120326877
0.19500000309199095
0.04500000085681677
0.6450000097975135
0.04500000085681677
0.1450000023469329
0.19500000309199095
0.5950000090524554
2.600000038743019
2.650000039488077
1.995000029914081
0.7450000112876296
2.4450000366196036
0.5950000090524554
2.600000038743019
1.1950000179931521
-0.004999999888241291
0.44500000681728125
-0.004999999888241291
0.9950000150129199
2.600000038743019
0.1450000023469329
1.6450000246986747
0.5950000090524554
1.145000017248094
1.895000028423965
1.2950000194832683
2.600000038743019
1.945000029169023
2.600000038743019
0.1450000023469329
1.995000029914081
0.4950000075623393
2.550000037997961
1.4450000217184424
2.3950000358745456
2.600000038743019
0.44500000681728125
0.04500000085681677
1.5450000232085586
2.600000038743019
0.04500000085681677
0.04500000085681677
2.600000038743019
2.1950000328943133
0.4950000084936619
1.6450000246986747
2.600000038743019
2.650000039488077
-0.004999999888241291
2.600000038743019
2.650000039488077
2.600000038743019
2.650000039488077
1.1950000179931521
2.600000038743019
0.7450000112876296
0.8450000127777457
2.600000038743019
-0.004999999888241291
1.4950000224635005
2.600000038743019
2.650000039488077
0.5950000090524554
1.5950000239536166
2.600000038743019
2.650000039488077
2.600000038743019
2.650000039488077
2.650000039488077
2.600000038743019
0.5450000083073974
1.945000029169023
0.09500000160187483
2.600000038743019
0.6450000097975135
0.3950000060722232
0.5950000090524554
1.7450000261887908
0.44500000681728125
0.9450000142678618
2.600000038743019
0.29500000458210707
2.600000038743019
2.600000038743019
0.04500000085681677
0.04500000085681677
2.600000038743019
0.8950000135228038
0.3450000053271651
0.7450000112876296
0.04500000085681677
2.550000037997961
2.1950000328943133
0.44500000681728125
2.550000037997961
-0.004999999888241291
2.550000037997961
-0.004999999888241291
2.550000037997961
2.1450000321492553
2.550000037997961
2.650000039488077
-0.004999999888241291
2.045000030659139
0.09500000160187483
1.145000017248094
1.3950000209733844
-0.004999999888241291
-0.004999999888241291
-0.004999999888241291
2.550000037997961
2.600000038743019
2.650000039488077
2.550000037997961
0.7450000112876296
2.600000038743019
0.04500000085681677
1.5950000239536166
0.04500000085681677
0.04500000085681677
0.04500000085681677
2.550000037997961
2.650000039488077
1.4950000224635005
0.3950000060722232
0.6450000097975135
1.6950000254437327
2.600000038743019
-0.004999999888241291
1.995000029914081
2.600000038743019
-0.004999999888241291
2.600000038743019
2.600000038743019
2.650000039488077
2.600000038743019
2.650000039488077
2.600000038743019
2.650000039488077
1.995000029914081
2.600000038743019
2.600000038743019
1.7900000270456076
2.550000037997961
1.2450000187382102
2.600000038743019
0.9450000142678618
0.8400000128895044
0.6950000105425715
2.600000038743019
2.650000039488077
2.600000038743019
2.595000038854778
2.600000038743019
2.600000038743019
2.4950000373646617
0.3950000060722232
2.550000037997961
-0.004999999888241291
1.2450000187382102
2.3950000358745456
2.600000038743019
2.600000038743019
0.4950000075623393
2.045000030659139
2.600000038743019
2.600000038743019
2.600000038743019
0.09500000160187483
1.7450000261887908
0.4950000075623393
0.1450000023469329
0.04500000085681677
0.3950000060722232
1.895000028423965
0.04500000085681677
2.600000038743019
0.04500000085681677
0.19500000402331352
0.7450000112876296
0.4950000075623393
0.1450000023469329
1.3450000202283263
0.1450000023469329
0.04500000085681677
0.04500000085681677
0.04500000085681677
0.4950000075623393
1.3950000209733844
0.04500000085681677
2.600000038743019
0.1450000023469329
1.6950000254437327
0.29500000458210707
0.6950000105425715
0.09500000160187483
1.5450000232085586
0.3450000053271651
0.9450000142678618
0.19500000309199095
0.3450000053271651
2.2450000336393714
0.1450000023469329
2.600000038743019
0.29500000458210707
2.3950000358745456
1.6450000246986747
0.09000000171363354
0.9450000142678618
0.29500000458210707
1.1950000179931521
2.550000037997961
0.9950000150129199
0.4950000075623393
1.4450000217184424
1.5950000239536166
0.09500000160187483
0.7450000112876296
0.1450000023469329
0.04500000085681677
2.600000038743019
0.44500000681728125
0.04500000085681677
0.245000003837049
0.04500000085681677
2.550000037997961
2.3950000358745456
2.2450000336393714
2.600000038743019
0.9950000150129199
1.895000028423965
0.7950000120326877
0.19500000402331352
0.19500000309199095
1.4450000217184424
0.1450000023469329
0.8950000144541264
1.2950000194832683
2.1950000328943133
2.600000038743019
0.7950000120326877
0.09500000160187483
2.600000038743019
2.650000039488077
0.8450000127777457
0.04500000085681677
2.600000038743019
0.4950000075623393
2.3950000358745456
0.9950000150129199
2.600000038743019
2.650000039488077
2.1450000321492553
2.550000037997961
2.650000039488077
0.5950000090524554
1.145000017248094
2.600000038743019
0.1450000023469329
0.04500000085681677
0.7950000120326877
0.245000003837049
0.1450000023469329
0.29500000458210707
0.09500000160187483
1.4450000217184424
0.29500000458210707
0.04500000085681677
0.09500000160187483
0.04500000085681677
2.600000038743019
1.945000029169023
0.04500000085681677
0.04500000085681677
0.5450000083073974
0.04500000085681677
0.4950000075623393
0.3450000053271651
2.600000038743019
-0.004999999888241291
0.04500000085681677
1.045000015757978
2.600000038743019
0.3450000053271651
0.19500000309199095
0.19500000309199095
1.3450000202283263
2.550000037997961
2.650000039488077
2.600000038743019
2.600000038743019
-0.004999999888241291
2.550000037997961
2.650000039488077
0.1450000023469329
2.550000037997961
0.04500000085681677
2.550000037997961
2.650000039488077
-0.004999999888241291
2.550000037997961
2.650000039488077
2.600000038743019
2.550000037997961
2.650000039488077
2.600000038743019
2.600000038743019
1.2450000187382102
0.245000003837049
2.600000038743019
0.9450000142678618
2.600000038743019
1.6950000254437327
2.600000038743019
2.650000039488077
2.600000038743019
2.650000039488077
1.095000016503036
2.600000038743019
2.650000039488077
2.600000038743019
1.095000016503036
2.600000038743019
2.650000039488077
2.2450000336393714
2.550000037997961
2.650000039488077
2.650000039488077
2.600000038743019
0.1450000023469329
2.600000038743019
0.8950000135228038
0.7950000120326877
0.245000003837049
0.3450000053271651
0.245000003837049
0.1450000023469329
2.600000038743019
2.4450000366196036
0.09500000160187483
2.600000038743019
2.650000039488077
2.600000038743019
2.650000039488077
0.1450000023469329
1.045000015757978
2.600000038743019
2.095000031404197
0.44500000681728125
0.9950000150129199
1.6450000246986747
0.09500000160187483
2.600000038743019
0.04500000085681677
1.145000017248094
2.600000038743019
2.650000039488077
2.600000038743019
1.6950000254437327
0.04500000085681677
0.04500000085681677
0.3450000053271651
0.1450000023469329
2.600000038743019
0.09500000160187483
1.3950000209733844
0.04500000085681677
0.04500000085681677
0.04500000085681677
1.5950000239536166
0.29500000458210707
0.1450000023469329
0.6950000105425715
0.9950000150129199
0.1450000023469329
2.600000038743019
2.650000039488077
1.5450000232085586
1.045000015757978
2.600000038743019
2.4400000367313623
1.3450000202283263
2.600000038743019
2.650000039488077
2.600000038743019
2.650000039488077
2.600000038743019
2.650000039488077
2.600000038743019
2.650000039488077
2.600000038743019
2.650000039488077
2.5450000381097198
1.2950000194832683
2.600000038743019
2.600000038743019
1.7950000269338489
2.600000038743019
1.845000027678907
2.600000038743019
2.4450000366196036
2.600000038743019
2.600000038743019
1.6950000254437327
2.600000038743019
2.650000039488077
2.600000038743019
2.2950000343844295
2.600000038743019
0.7450000112876296
1.145000017248094
1.6950000254437327
2.600000038743019
2.650000039488077
1.7950000269338489
2.600000038743019
2.650000039488077
2.600000038743019
2.650000039488077
2.600000038743019
1.7950000269338489
0.44500000681728125
0.04500000085681677
0.245000003837049
0.8950000135228038
2.600000038743019
1.6950000254437327
2.600000038743019
2.650000039488077
2.600000038743019
2.650000039488077
2.600000038743019
2.650000039488077
2.600000038743019
1.095000016503036
0.04500000085681677
0.19500000309199095
0.1450000023469329
0.1450000023469329
1.6450000246986747
0.04500000085681677
2.600000038743019
1.5950000239536166
0.04500000085681677
0.3450000053271651
0.245000003837049
2.600000038743019
2.650000039488077
2.600000038743019
0.5450000083073974
2.1950000328943133
2.550000037997961
0.8450000127777457
0.04500000085681677
0.04500000085681677
0.04500000085681677
2.600000038743019
2.650000039488077
2.3450000351294875
2.550000037997961
2.600000038743019
2.650000039488077
0.3450000053271651
2.600000038743019
2.1950000328943133
2.600000038743019
0.5450000083073974
0.44500000681728125
-0.004999999888241291
-0.004999999888241291
0.1450000023469329
-0.004999999888241291
-0.004999999888241291
-0.004999999888241291
-0.004999999888241291
0.245000003837049
-0.004999999888241291
1.2450000187382102
0.1450000023469329
-0.004999999888241291
0.1450000023469329
0.9950000150129199
0.9950000150129199
0.04500000085681677
0.04500000085681677
0.4950000075623393
2.600000038743019
2.650000039488077
1.045000015757978
1.4950000224635005
0.9950000150129199
2.600000038743019
-0.004999999888241291
0.19500000309199095
1.2950000194832683
0.245000003837049
2.600000038743019
0.7950000120326877
2.5450000381097198
2.3450000351294875
0.09500000160187483
2.600000038743019
2.650000039488077
2.600000038743019
2.650000039488077
2.600000038743019
2.650000039488077
2.650000039488077
2.600000038743019
2.650000039488077
2.600000038743019
0.4950000075623393
2.600000038743019
2.650000039488077
2.600000038743019
2.650000039488077
2.600000038743019
2.650000039488077
2.600000038743019
2.650000039488077
2.600000038743019
2.650000039488077
2.650000039488077
2.600000038743019
2.650000039488077
2.600000038743019
2.650000039488077
2.1450000321492553
2.600000038743019
0.09500000160187483
0.7950000120326877
0.29500000458210707
1.095000016503036
0.5450000083073974
2.600000038743019
1.095000016503036
0.09500000160187483
0.09500000160187483
2.600000038743019
0.19500000309199095
0.3950000060722232
1.095000016503036
0.3950000060722232
0.44500000681728125
0.1450000023469329
0.09500000160187483
0.09500000160187483
-0.004999999888241291
-0.004999999888241291
0.09500000160187483
-0.004999999888241291
0.09500000160187483
0.5950000090524554
0.9450000142678618
2.600000038743019
0.04500000085681677
-0.004999999888241291
-0.004999999888241291
2.600000038743019
2.600000038743019
2.600000038743019
1.6450000246986747
2.600000038743019
0.6950000105425715
2.600000038743019
2.550000037997961
2.550000037997961
0.29500000458210707
2.550000037997961
2.600000038743019
2.600000038743019
2.600000038743019
2.600000038743019
2.600000038743019
2.600000038743019
2.600000038743019
2.650000039488077
0.44500000681728125
0.1450000023469329
0.29500000458210707
1.4450000217184424
0.19500000309199095
0.1450000023469329
0.04500000085681677
0.19500000309199095
0.245000003837049
0.245000003837049
0.9450000142678618
0.1450000023469329
0.3450000053271651
0.04500000085681677
2.095000031404197
0.04500000085681677
0.1450000023469329
0.245000003837049
1.045000015757978
0.29500000458210707
2.600000038743019
2.650000039488077
0.3450000053271651
0.1450000023469329
2.600000038743019
0.3450000053271651
0.09500000160187483
1.095000016503036
0.245000003837049
1.1950000179931521
0.8450000127777457
2.600000038743019
2.650000039488077
2.600000038743019
2.650000039488077
2.600000038743019
1.3950000209733844
0.245000003837049
1.5950000239536166
0.5950000090524554
0.19500000309199095
2.600000038743019
1.2450000187382102
1.145000017248094
2.600000038743019
2.650000039488077
0.09500000160187483
0.04500000085681677
2.600000038743019
1.5450000232085586
2.600000038743019
2.600000038743019
2.650000039488077
2.600000038743019
2.650000039488077
2.600000038743019
2.650000039488077
2.600000038743019
2.600000038743019
2.600000038743019
2.650000039488077
2.600000038743019
2.650000039488077
2.600000038743019
2.600000038743019
2.600000038743019
1.3950000209733844
2.600000038743019
-0.004999999888241291
2.600000038743019
2.650000039488077
-0.004999999888241291
2.600000038743019
0.1450000023469329
0.09500000160187483
0.09500000160187483
0.1450000023469329
2.600000038743019
0.4950000075623393
-0.004999999888241291
1.5450000232085586
-0.004999999888241291
0.6950000105425715
2.3450000351294875
0.04500000085681677
0.1450000023469329
